Watching for file changes with StatReloader
Waiting for apps ready_event.
Apps ready_event triggered. Sending autoreload_started signal.
Watching dir C:\Users\USER\PycharmProjects\hello_django\hello_django\locale with glob **/*.mo.
Watching dir C:\Users\USER\PycharmProjects\hello_django\hello_django\myhello\locale with glob **/*.mo.
(0.000) 
            SELECT name, type FROM sqlite_master
            WHERE type in ('table', 'view') AND NOT name='sqlite_sequence'
            ORDER BY name; args=None
File C:\Users\USER\PycharmProjects\hello_django\venv\Lib\site-packages\django\db\models\fields\reverse_related.py first seen with mtime 1622233426.8565
File C:\Users\USER\PycharmProjects\hello_django\venv\Lib\site-packages\django\utils\log.py first seen with mtime 1622233427.1217902
File C:\Users\USER\PycharmProjects\hello_django\hello_django\myhello\views.py first seen with mtime 1622326913.0988755
File C:\Users\USER\AppData\Local\Programs\Python\Python39\Lib\html\parser.py first seen with mtime 1620034494.0
File C:\Users\USER\PycharmProjects\hello_django\venv\Lib\site-packages\django\contrib\admin\filters.py first seen with mtime 1622233423.215588
File C:\Users\USER\PycharmProjects\hello_django\venv\Lib\site-packages\django\contrib\staticfiles\handlers.py first seen with mtime 1622233426.5293736
File C:\Users\USER\AppData\Local\Programs\Python\Python39\Lib\asyncio\format_helpers.py first seen with mtime 1620034494.0
File C:\Users\USER\PycharmProjects\hello_django\venv\Lib\site-packages\django\template\backends\base.py first seen with mtime 1622233427.0430024
File C:\Users\USER\PycharmProjects\hello_django\venv\Lib\site-packages\django\contrib\messages\__init__.py first seen with mtime 1622233425.466216
File C:\Users\USER\PycharmProjects\hello_django\venv\Lib\site-packages\django\db\backends\sqlite3\introspection.py first seen with mtime 1622233426.788681
File C:\Users\USER\PycharmProjects\hello_django\venv\Lib\site-packages\django\urls\resolvers.py first seen with mtime 1622233427.0809
File C:\Users\USER\PycharmProjects\hello_django\venv\Lib\site-packages\django\contrib\staticfiles\utils.py first seen with mtime 1622233426.5323665
File C:\Users\USER\PycharmProjects\hello_django\venv\Lib\site-packages\django\core\handlers\__init__.py first seen with mtime 1622233426.5892162
File C:\Users\USER\AppData\Local\Programs\Python\Python39\Lib\pprint.py first seen with mtime 1620034494.0
File C:\Users\USER\AppData\Local\Programs\Python\Python39\Lib\sqlite3\__init__.py first seen with mtime 1620034494.0
File C:\Users\USER\AppData\Local\Programs\Python\Python39\Lib\random.py first seen with mtime 1620034494.0
File C:\Users\USER\AppData\Local\Programs\Python\Python39\Lib\encodings\__init__.py first seen with mtime 1620034494.0
File C:\Users\USER\PycharmProjects\hello_django\venv\Lib\site-packages\django\core\wsgi.py first seen with mtime 1622233426.5473273
File C:\Users\USER\PycharmProjects\hello_django\venv\Lib\site-packages\django\forms\__init__.py first seen with mtime 1622233426.8854225
File C:\Users\USER\PycharmProjects\hello_django\venv\Lib\site-packages\django\contrib\sites\shortcuts.py first seen with mtime 1622233426.2820354
File C:\Users\USER\PycharmProjects\hello_django\venv\Lib\site-packages\django\views\decorators\common.py first seen with mtime 1622233427.1985853
File C:\Users\USER\PycharmProjects\hello_django\hello_django\myhello\urls.py first seen with mtime 1622234104.9747405
File C:\Users\USER\AppData\Local\Programs\Python\Python39\Lib\weakref.py first seen with mtime 1620034496.0
File C:\Users\USER\AppData\Local\Programs\Python\Python39\DLLs\_overlapped.pyd first seen with mtime 1620034544.0
File C:\Users\USER\PycharmProjects\hello_django\venv\Lib\site-packages\django\utils\timezone.py first seen with mtime 1622233427.1517105
File C:\Users\USER\AppData\Local\Programs\Python\Python39\Lib\unittest\signals.py first seen with mtime 1620034496.0
File C:\Users\USER\PycharmProjects\hello_django\hello_django\myhello\__init__.py first seen with mtime 1622233634.5474925
File C:\Users\USER\PycharmProjects\hello_django\venv\Lib\site-packages\django\db\models\__init__.py first seen with mtime 1622233426.8225904
File C:\Users\USER\PycharmProjects\hello_django\venv\Lib\site-packages\django\utils\dateformat.py first seen with mtime 1622233427.0948627
File C:\Users\USER\AppData\Local\Programs\Python\Python39\Lib\asyncio\base_subprocess.py first seen with mtime 1620034494.0
File C:\Users\USER\PycharmProjects\hello_django\venv\Lib\site-packages\sqlparse\tokens.py first seen with mtime 1622233421.6809292
File C:\Users\USER\PycharmProjects\hello_django\venv\Lib\site-packages\django\utils\__init__.py first seen with mtime 1622233427.0828948
File C:\Users\USER\AppData\Local\Programs\Python\Python39\Lib\asyncio\queues.py first seen with mtime 1620034494.0
File C:\Users\USER\PycharmProjects\hello_django\venv\Lib\site-packages\django\utils\datetime_safe.py first seen with mtime 1622233427.0988522
File C:\Users\USER\AppData\Local\Programs\Python\Python39\Lib\typing.py first seen with mtime 1620034496.0
File C:\Users\USER\PycharmProjects\hello_django\venv\Lib\site-packages\django\core\cache\backends\__init__.py first seen with mtime 1622233426.5493214
File C:\Users\USER\AppData\Local\Programs\Python\Python39\Lib\email\mime\message.py first seen with mtime 1620034494.0
File C:\Users\USER\AppData\Local\Programs\Python\Python39\Lib\asyncio\subprocess.py first seen with mtime 1620034494.0
File C:\Users\USER\PycharmProjects\hello_django\venv\Lib\site-packages\django\core\checks\security\base.py first seen with mtime 1622233426.571262
File C:\Users\USER\PycharmProjects\hello_django\venv\Lib\site-packages\django\template\library.py first seen with mtime 1622233427.035022
File C:\Users\USER\PycharmProjects\hello_django\venv\Lib\site-packages\django\core\files\storage.py first seen with mtime 1622233426.5832305
File C:\Users\USER\PycharmProjects\hello_django\hello_django\hello_django\urls.py first seen with mtime 1622325688.8178587
File C:\Users\USER\AppData\Local\Programs\Python\Python39\Lib\bisect.py first seen with mtime 1620034494.0
File C:\Users\USER\AppData\Local\Programs\Python\Python39\DLLs\_asyncio.pyd first seen with mtime 1620034544.0
File C:\Users\USER\PycharmProjects\hello_django\hello_django\hello_django\__init__.py first seen with mtime 1622233577.494646
File C:\Users\USER\AppData\Local\Programs\Python\Python39\Lib\logging\__init__.py first seen with mtime 1620034494.0
File C:\Users\USER\AppData\Local\Programs\Python\Python39\Lib\os.py first seen with mtime 1620034494.0
File C:\Users\USER\PycharmProjects\hello_django\venv\Lib\site-packages\django\contrib\messages\constants.py first seen with mtime 1622233425.4692082
File C:\Users\USER\AppData\Local\Programs\Python\Python39\Lib\platform.py first seen with mtime 1620034494.0
File C:\Users\USER\PycharmProjects\hello_django\venv\Lib\site-packages\django\templatetags\i18n.py first seen with mtime 1622233427.0589583
File C:\Users\USER\PycharmProjects\hello_django\venv\Lib\site-packages\django\views\static.py first seen with mtime 1622233427.1926012
File C:\Users\USER\PycharmProjects\hello_django\venv\Lib\site-packages\django\forms\utils.py first seen with mtime 1622233426.8983874
File C:\Users\USER\PycharmProjects\hello_django\venv\Lib\site-packages\django\views\generic\base.py first seen with mtime 1622233427.2095559
File C:\Users\USER\AppData\Local\Programs\Python\Python39\Lib\pkgutil.py first seen with mtime 1620034494.0
File C:\Users\USER\AppData\Local\Programs\Python\Python39\Lib\_weakrefset.py first seen with mtime 1620034494.0
File C:\Users\USER\AppData\Local\Programs\Python\Python39\Lib\asyncio\selector_events.py first seen with mtime 1620034494.0
File C:\Users\USER\PycharmProjects\hello_django\venv\Lib\site-packages\django\conf\locale\__init__.py first seen with mtime 1622233422.8096728
File C:\Users\USER\AppData\Local\Programs\Python\Python39\Lib\asyncio\__init__.py first seen with mtime 1620034494.0
File C:\Users\USER\PycharmProjects\hello_django\venv\Lib\site-packages\django\core\handlers\exception.py first seen with mtime 1622233426.5922058
File C:\Users\USER\PycharmProjects\hello_django\venv\Lib\site-packages\django\db\models\functions\math.py first seen with mtime 1622233426.8644786
File C:\Users\USER\PycharmProjects\hello_django\venv\Lib\site-packages\django\core\__init__.py first seen with mtime 1622233426.5423408
File C:\Users\USER\PycharmProjects\hello_django\venv\Lib\site-packages\django\forms\fields.py first seen with mtime 1622233426.8894124
File C:\Users\USER\PycharmProjects\hello_django\venv\Lib\site-packages\django\utils\connection.py first seen with mtime 1622233427.090873
File C:\Users\USER\PycharmProjects\hello_django\venv\Lib\site-packages\django\utils\deconstruct.py first seen with mtime 1622233427.1008468
File C:\Users\USER\PycharmProjects\hello_django\venv\Lib\site-packages\django\core\cache\__init__.py first seen with mtime 1622233426.5483246
File C:\Users\USER\AppData\Local\Programs\Python\Python39\Lib\copy.py first seen with mtime 1620034494.0
File C:\Users\USER\PycharmProjects\hello_django\venv\Lib\site-packages\django\db\backends\base\introspection.py first seen with mtime 1622233426.6899462
File C:\Users\USER\PycharmProjects\hello_django\venv\Lib\site-packages\django\utils\cache.py first seen with mtime 1622233427.0898757
File C:\Users\USER\AppData\Local\Programs\Python\Python39\Lib\logging\handlers.py first seen with mtime 1620034494.0
File C:\Users\USER\PycharmProjects\hello_django\venv\Lib\site-packages\django\db\models\constants.py first seen with mtime 1622233426.8265805
File C:\Users\USER\PycharmProjects\hello_django\venv\Lib\site-packages\django\core\files\base.py first seen with mtime 1622233426.5762484
File C:\Users\USER\PycharmProjects\hello_django\venv\Lib\site-packages\django\core\checks\async_checks.py first seen with mtime 1622233426.5572994
File C:\Users\USER\AppData\Local\Programs\Python\Python39\Lib\_collections_abc.py first seen with mtime 1620034494.0
File C:\Users\USER\AppData\Local\Programs\Python\Python39\Lib\mimetypes.py first seen with mtime 1620034494.0
File C:\Users\USER\PycharmProjects\hello_django\venv\Lib\site-packages\django\db\migrations\operations\__init__.py first seen with mtime 1622233426.8146126
File C:\Users\USER\PycharmProjects\hello_django\venv\Lib\site-packages\django\template\base.py first seen with mtime 1622233427.0240524
File C:\Users\USER\PycharmProjects\hello_django\venv\Lib\site-packages\django\contrib\sessions\__init__.py first seen with mtime 1622233425.9838338
File C:\Users\USER\AppData\Local\Programs\Python\Python39\Lib\calendar.py first seen with mtime 1620034494.0
File C:\Users\USER\PycharmProjects\hello_django\venv\Lib\site-packages\django\db\models\manager.py first seen with mtime 1622233426.8365529
File C:\Users\USER\PycharmProjects\hello_django\venv\Lib\site-packages\whitenoise\base.py first seen with mtime 1622266440.9938266
File C:\Users\USER\PycharmProjects\hello_django\venv\Lib\site-packages\django\__init__.py first seen with mtime 1622233422.7907238
File C:\Users\USER\AppData\Local\Programs\Python\Python39\DLLs\_hashlib.pyd first seen with mtime 1620034544.0
File C:\Users\USER\PycharmProjects\hello_django\venv\Lib\site-packages\django\template\context.py first seen with mtime 1622233427.0250494
File C:\Users\USER\PycharmProjects\hello_django\venv\Lib\site-packages\django\db\models\expressions.py first seen with mtime 1622233426.8325646
File C:\Users\USER\AppData\Local\Programs\Python\Python39\Lib\email\charset.py first seen with mtime 1620034494.0
File C:\Users\USER\PycharmProjects\hello_django\venv\Lib\site-packages\django\core\files\temp.py first seen with mtime 1622233426.5842285
File C:\Users\USER\AppData\Local\Programs\Python\Python39\Lib\hashlib.py first seen with mtime 1620034494.0
File C:\Users\USER\AppData\Local\Programs\Python\Python39\DLLs\_bz2.pyd first seen with mtime 1620034544.0
File C:\Users\USER\AppData\Local\Programs\Python\Python39\Lib\asyncio\events.py first seen with mtime 1620034494.0
File C:\Users\USER\AppData\Local\Programs\Python\Python39\Lib\html\__init__.py first seen with mtime 1620034494.0
File C:\Users\USER\PycharmProjects\hello_django\venv\Lib\site-packages\django\contrib\admin\templatetags\admin_modify.py first seen with mtime 1622233423.7654274
File C:\Users\USER\AppData\Local\Programs\Python\Python39\Lib\socketserver.py first seen with mtime 1620034494.0
File C:\Users\USER\PycharmProjects\hello_django\venv\Lib\site-packages\django\core\management\commands\runserver.py first seen with mtime 1622233426.6400788
File C:\Users\USER\AppData\Local\Programs\Python\Python39\Lib\asyncio\constants.py first seen with mtime 1620034494.0
File C:\Users\USER\PycharmProjects\hello_django\venv\Lib\site-packages\django\core\cache\utils.py first seen with mtime 1622233426.5493214
File C:\Users\USER\AppData\Local\Programs\Python\Python39\Lib\codecs.py first seen with mtime 1620034494.0
File C:\Users\USER\PycharmProjects\hello_django\venv\Lib\site-packages\django\forms\formsets.py first seen with mtime 1622233426.8914065
File C:\Users\USER\PycharmProjects\hello_django\venv\Lib\site-packages\django\contrib\auth\checks.py first seen with mtime 1622233424.0167556
File C:\Users\USER\AppData\Local\Programs\Python\Python39\DLLs\_lzma.pyd first seen with mtime 1620034546.0
File C:\Users\USER\AppData\Local\Programs\Python\Python39\Lib\struct.py first seen with mtime 1620034494.0
File C:\Users\USER\PycharmProjects\hello_django\venv\Lib\site-packages\django\shortcuts.py first seen with mtime 1622233422.7927186
File C:\Users\USER\PycharmProjects\hello_django\venv\Lib\site-packages\django\core\checks\model_checks.py first seen with mtime 1622233426.5622869
File C:\Users\USER\PycharmProjects\hello_django\venv\Lib\site-packages\django\forms\widgets.py first seen with mtime 1622233426.899385
File C:\Users\USER\PycharmProjects\hello_django\venv\Lib\site-packages\django\forms\boundfield.py first seen with mtime 1622233426.88642
File C:\Users\USER\PycharmProjects\hello_django\venv\Lib\site-packages\django\db\models\lookups.py first seen with mtime 1622233426.8355563
File C:\Users\USER\AppData\Local\Programs\Python\Python39\Lib\unittest\__init__.py first seen with mtime 1620034496.0
File C:\Users\USER\PycharmProjects\hello_django\venv\Lib\site-packages\django\core\checks\translation.py first seen with mtime 1622233426.5662754
File C:\Users\USER\PycharmProjects\hello_django\venv\Lib\site-packages\django\db\models\aggregates.py first seen with mtime 1622233426.823587
File C:\Users\USER\PycharmProjects\hello_django\venv\Lib\site-packages\django\utils\text.py first seen with mtime 1622233427.1397429
File C:\Users\USER\PycharmProjects\hello_django\venv\Lib\site-packages\django\core\serializers\json.py first seen with mtime 1622233426.6580312
File C:\Users\USER\PycharmProjects\hello_django\venv\Lib\site-packages\sqlparse\lexer.py first seen with mtime 1622233421.6789348
File C:\Users\USER\AppData\Local\Programs\Python\Python39\Lib\unittest\main.py first seen with mtime 1620034496.0
File C:\Users\USER\AppData\Local\Programs\Python\Python39\Lib\importlib\util.py first seen with mtime 1620034494.0
File C:\Users\USER\PycharmProjects\hello_django\venv\Lib\site-packages\django\db\migrations\operations\fields.py first seen with mtime 1622233426.816606
File C:\Users\USER\PycharmProjects\hello_django\venv\Lib\site-packages\django\views\generic\dates.py first seen with mtime 1622233427.211555
File C:\Users\USER\AppData\Local\Programs\Python\Python39\Lib\asyncio\base_tasks.py first seen with mtime 1620034494.0
File C:\Users\USER\AppData\Local\Programs\Python\Python39\DLLs\_ssl.pyd first seen with mtime 1620034546.0
File C:\Users\USER\PycharmProjects\hello_django\venv\Lib\site-packages\django\utils\module_loading.py first seen with mtime 1622233427.1247823
File C:\Users\USER\PycharmProjects\hello_django\venv\Lib\site-packages\django\http\__init__.py first seen with mtime 1622233426.9981222
File C:\Users\USER\AppData\Local\Programs\Python\Python39\Lib\ctypes\_endian.py first seen with mtime 1620034494.0
File C:\Users\USER\AppData\Local\Programs\Python\Python39\Lib\stat.py first seen with mtime 1620034494.0
File C:\Users\USER\PycharmProjects\hello_django\venv\Lib\site-packages\django\contrib\staticfiles\management\commands\runserver.py first seen with mtime 1622233426.5383503
File C:\Users\USER\PycharmProjects\hello_django\venv\Lib\site-packages\django\db\backends\base\client.py first seen with mtime 1622233426.6839619
File C:\Users\USER\PycharmProjects\hello_django\venv\Lib\site-packages\sqlparse\filters\output.py first seen with mtime 1622233421.68791
File C:\Users\USER\PycharmProjects\hello_django\venv\Lib\site-packages\django\core\handlers\asgi.py first seen with mtime 1622233426.5902116
File C:\Users\USER\AppData\Local\Programs\Python\Python39\Lib\numbers.py first seen with mtime 1620034494.0
File C:\Users\USER\PycharmProjects\hello_django\venv\Lib\site-packages\sqlparse\exceptions.py first seen with mtime 1622233421.6759422
File C:\Users\USER\PycharmProjects\hello_django\venv\Lib\site-packages\django\db\backends\signals.py first seen with mtime 1622233426.6739883
File C:\Users\USER\AppData\Local\Programs\Python\Python39\Lib\sre_constants.py first seen with mtime 1620034494.0
File C:\Users\USER\AppData\Local\Programs\Python\Python39\Lib\http\cookies.py first seen with mtime 1620034494.0
File C:\Users\USER\PycharmProjects\hello_django\venv\Lib\site-packages\django\views\decorators\csrf.py first seen with mtime 1622233427.20058
File C:\Users\USER\PycharmProjects\hello_django\venv\Lib\site-packages\django\core\handlers\base.py first seen with mtime 1622233426.5912106
File C:\Users\USER\AppData\Local\Programs\Python\Python39\Lib\concurrent\futures\_base.py first seen with mtime 1620034494.0
File C:\Users\USER\PycharmProjects\hello_django\venv\Lib\site-packages\django\db\models\fields\mixins.py first seen with mtime 1622233426.8495183
File C:\Users\USER\PycharmProjects\hello_django\venv\Lib\site-packages\sqlparse\cli.py first seen with mtime 1622233421.6749449
File C:\Users\USER\PycharmProjects\hello_django\venv\Lib\site-packages\django\http\response.py first seen with mtime 1622233427.0051029
File C:\Users\USER\PycharmProjects\hello_django\venv\Lib\site-packages\django\core\checks\messages.py first seen with mtime 1622233426.560291
File C:\Users\USER\PycharmProjects\hello_django\venv\Lib\site-packages\django\utils\html.py first seen with mtime 1622233427.113812
File C:\Users\USER\AppData\Local\Programs\Python\Python39\Lib\email\_policybase.py first seen with mtime 1620034494.0
File C:\Users\USER\PycharmProjects\hello_django\venv\Lib\site-packages\django\db\backends\ddl_references.py first seen with mtime 1622233426.6729908
File C:\Users\USER\PycharmProjects\hello_django\venv\Lib\site-packages\django\urls\exceptions.py first seen with mtime 1622233427.0789053
File C:\Users\USER\AppData\Local\Programs\Python\Python39\Lib\nturl2path.py first seen with mtime 1620034494.0
File C:\Users\USER\PycharmProjects\hello_django\venv\Lib\site-packages\sqlparse\__init__.py first seen with mtime 1622233421.673947
File C:\Users\USER\PycharmProjects\hello_django\venv\Lib\site-packages\django\db\backends\base\__init__.py first seen with mtime 1622233426.677977
File C:\Users\USER\AppData\Local\Programs\Python\Python39\Lib\encodings\latin_1.py first seen with mtime 1620034494.0
File C:\Users\USER\PycharmProjects\hello_django\venv\Lib\site-packages\django\dispatch\__init__.py first seen with mtime 1622233426.881433
File C:\Users\USER\PycharmProjects\hello_django\venv\Lib\site-packages\django\core\management\color.py first seen with mtime 1622233426.6131518
File C:\Users\USER\PycharmProjects\hello_django\venv\Lib\site-packages\django\db\models\base.py first seen with mtime 1622233426.8255854
File C:\Users\USER\PycharmProjects\hello_django\hello_django\manage.py first seen with mtime 1622233577.4896448
File C:\Users\USER\PycharmProjects\hello_django\venv\Lib\site-packages\django\contrib\admin\options.py first seen with mtime 1622233423.219577
File C:\Users\USER\AppData\Local\Programs\Python\Python39\Lib\importlib\machinery.py first seen with mtime 1620034494.0
File C:\Users\USER\AppData\Local\Programs\Python\Python39\Lib\io.py first seen with mtime 1620034494.0
File C:\Users\USER\PycharmProjects\hello_django\venv\Lib\site-packages\django\views\generic\edit.py first seen with mtime 1622233427.2145429
File C:\Users\USER\PycharmProjects\hello_django\venv\Lib\site-packages\django\core\management\__init__.py first seen with mtime 1622233426.6091616
File C:\Users\USER\AppData\Local\Programs\Python\Python39\Lib\urllib\__init__.py first seen with mtime 1620034496.0
File C:\Users\USER\PycharmProjects\hello_django\venv\Lib\site-packages\django\contrib\admin\templatetags\admin_urls.py first seen with mtime 1622233423.7664247
File C:\Users\USER\PycharmProjects\hello_django\venv\Lib\site-packages\django\core\cache\backends\base.py first seen with mtime 1622233426.55032
File C:\Users\USER\AppData\Local\Programs\Python\Python39\Lib\ast.py first seen with mtime 1620034494.0
File C:\Users\USER\PycharmProjects\hello_django\venv\Lib\site-packages\django\db\models\enums.py first seen with mtime 1622233426.8315666
File C:\Users\USER\AppData\Local\Programs\Python\Python39\Lib\asyncio\trsock.py first seen with mtime 1620034494.0
File C:\Users\USER\PycharmProjects\hello_django\venv\Lib\site-packages\django\db\models\fields\related_lookups.py first seen with mtime 1622233426.8555026
File C:\Users\USER\PycharmProjects\hello_django\venv\Lib\site-packages\django\db\backends\base\features.py first seen with mtime 1622233426.6889484
File C:\Users\USER\AppData\Local\Programs\Python\Python39\Lib\fnmatch.py first seen with mtime 1620034494.0
File C:\Users\USER\PycharmProjects\hello_django\venv\Lib\site-packages\django\contrib\admin\views\__init__.py first seen with mtime 1622233423.769417
File C:\Users\USER\PycharmProjects\hello_django\venv\Lib\site-packages\django\contrib\sites\__init__.py first seen with mtime 1622233426.2531269
File C:\Users\USER\PycharmProjects\hello_django\venv\Lib\site-packages\django\middleware\security.py first seen with mtime 1622233427.0200624
File C:\Users\USER\PycharmProjects\hello_django\venv\Lib\site-packages\django\views\decorators\__init__.py first seen with mtime 1622233427.1935983
File C:\Users\USER\PycharmProjects\hello_django\venv\Lib\site-packages\django\db\models\fields\proxy.py first seen with mtime 1622233426.8505158
File C:\Users\USER\PycharmProjects\hello_django\venv\Lib\site-packages\django\db\models\constraints.py first seen with mtime 1622233426.8275797
File C:\Users\USER\PycharmProjects\hello_django\venv\Lib\site-packages\django\conf\global_settings.py first seen with mtime 1622233422.800698
File C:\Users\USER\PycharmProjects\hello_django\venv\Lib\site-packages\django\contrib\admin\views\main.py first seen with mtime 1622233423.7724094
File C:\Users\USER\PycharmProjects\hello_django\venv\Lib\site-packages\django\http\request.py first seen with mtime 1622233427.0021102
File C:\Users\USER\PycharmProjects\hello_django\venv\Lib\site-packages\django\contrib\admin\actions.py first seen with mtime 1622233423.2106016
File C:\Users\USER\PycharmProjects\hello_django\venv\Lib\site-packages\django\db\models\sql\query.py first seen with mtime 1622233426.8764465
File C:\Users\USER\PycharmProjects\hello_django\venv\Lib\site-packages\django\contrib\contenttypes\apps.py first seen with mtime 1622233424.3079767
File C:\Users\USER\PycharmProjects\hello_django\venv\Lib\site-packages\django\db\migrations\exceptions.py first seen with mtime 1622233426.797657
File C:\Users\USER\PycharmProjects\hello_django\venv\Lib\site-packages\sqlparse\engine\__init__.py first seen with mtime 1622233421.6819263
File C:\Users\USER\PycharmProjects\hello_django\venv\Lib\site-packages\django\dispatch\dispatcher.py first seen with mtime 1622233426.8824317
File C:\Users\USER\AppData\Local\Programs\Python\Python39\Lib\_compat_pickle.py first seen with mtime 1620034494.0
File C:\Users\USER\PycharmProjects\hello_django\venv\Lib\site-packages\django\template\autoreload.py first seen with mtime 1622233427.0220573
File C:\Users\USER\PycharmProjects\hello_django\venv\Lib\site-packages\django\core\checks\urls.py first seen with mtime 1622233426.5682704
File C:\Users\USER\PycharmProjects\hello_django\venv\Lib\site-packages\django\template\loader.py first seen with mtime 1622233427.0360203
File C:\Users\USER\PycharmProjects\hello_django\venv\Lib\site-packages\sqlparse\utils.py first seen with mtime 1622233421.6809292
File C:\Users\USER\AppData\Local\Programs\Python\Python39\Lib\urllib\response.py first seen with mtime 1620034496.0
File C:\Users\USER\AppData\Local\Programs\Python\Python39\Lib\statistics.py first seen with mtime 1620034494.0
File C:\Users\USER\PycharmProjects\hello_django\venv\Lib\site-packages\django\contrib\auth\tokens.py first seen with mtime 1622233424.0287242
File C:\Users\USER\PycharmProjects\hello_django\venv\Lib\site-packages\django\utils\topological_sort.py first seen with mtime 1622233427.1527078
File C:\Users\USER\AppData\Local\Programs\Python\Python39\Lib\lzma.py first seen with mtime 1620034494.0
File C:\Users\USER\PycharmProjects\hello_django\venv\Lib\site-packages\django\middleware\csrf.py first seen with mtime 1622233427.0130851
File C:\Users\USER\PycharmProjects\hello_django\venv\Lib\site-packages\django\utils\itercompat.py first seen with mtime 1622233427.1197958
File C:\Users\USER\PycharmProjects\hello_django\venv\Lib\site-packages\django\core\mail\__init__.py first seen with mtime 1622233426.5951982
File C:\Users\USER\AppData\Local\Programs\Python\Python39\Lib\asyncio\futures.py first seen with mtime 1620034494.0
File C:\Users\USER\AppData\Local\Programs\Python\Python39\Lib\pickle.py first seen with mtime 1620034494.0
File C:\Users\USER\PycharmProjects\hello_django\venv\Lib\site-packages\django\contrib\admin\templatetags\log.py first seen with mtime 1622233423.7684207
File C:\Users\USER\PycharmProjects\hello_django\venv\Lib\site-packages\django\contrib\admin\models.py first seen with mtime 1622233423.2185802
File C:\Users\USER\AppData\Local\Programs\Python\Python39\Lib\json\decoder.py first seen with mtime 1620034494.0
File C:\Users\USER\PycharmProjects\hello_django\venv\Lib\site-packages\django\urls\utils.py first seen with mtime 1622233427.0818973
File C:\Users\USER\PycharmProjects\hello_django\venv\Lib\site-packages\django\contrib\staticfiles\apps.py first seen with mtime 1622233426.5253847
File C:\Users\USER\AppData\Local\Programs\Python\Python39\Lib\wsgiref\__init__.py first seen with mtime 1620034496.0
File C:\Users\USER\PycharmProjects\hello_django\venv\Lib\site-packages\django\db\migrations\operations\base.py first seen with mtime 1622233426.8156087
File C:\Users\USER\PycharmProjects\hello_django\venv\Lib\site-packages\django\contrib\auth\models.py first seen with mtime 1622233424.025733
File C:\Users\USER\PycharmProjects\hello_django\venv\Lib\site-packages\asgiref\sync.py first seen with mtime 1622233422.6032257
File C:\Users\USER\AppData\Local\Programs\Python\Python39\Lib\copyreg.py first seen with mtime 1620034494.0
File C:\Users\USER\PycharmProjects\hello_django\venv\Lib\site-packages\django\contrib\messages\storage\__init__.py first seen with mtime 1622233425.472222
File C:\Users\USER\PycharmProjects\hello_django\venv\Lib\site-packages\django\db\backends\__init__.py first seen with mtime 1622233426.671993
File C:\Users\USER\PycharmProjects\hello_django\venv\Lib\site-packages\django\views\decorators\cache.py first seen with mtime 1622233427.1965942
File C:\Users\USER\AppData\Local\Programs\Python\Python39\Lib\html\entities.py first seen with mtime 1620034494.0
File C:\Users\USER\AppData\Local\Programs\Python\Python39\Lib\http\server.py first seen with mtime 1620034494.0
File C:\Users\USER\AppData\Local\Programs\Python\Python39\Lib\datetime.py first seen with mtime 1620034494.0
File C:\Users\USER\AppData\Local\Programs\Python\Python39\Lib\distutils\version.py first seen with mtime 1620034494.0
File C:\Users\USER\PycharmProjects\hello_django\venv\Lib\site-packages\sqlparse\filters\tokens.py first seen with mtime 1622233421.6899047
File C:\Users\USER\AppData\Local\Programs\Python\Python39\Lib\http\client.py first seen with mtime 1620034494.0
File C:\Users\USER\AppData\Local\Programs\Python\Python39\Lib\email\policy.py first seen with mtime 1620034494.0
File C:\Users\USER\PycharmProjects\hello_django\venv\Lib\site-packages\django\db\backends\base\creation.py first seen with mtime 1622233426.685956
File C:\Users\USER\PycharmProjects\hello_django\venv\Lib\site-packages\django\templatetags\tz.py first seen with mtime 1622233427.0629475
File C:\Users\USER\PycharmProjects\hello_django\venv\Lib\site-packages\django\contrib\admin\decorators.py first seen with mtime 1622233423.213594
File C:\Users\USER\PycharmProjects\hello_django\venv\Lib\site-packages\sqlparse\filters\reindent.py first seen with mtime 1622233421.6889074
File C:\Users\USER\PycharmProjects\hello_django\venv\Lib\site-packages\django\core\mail\utils.py first seen with mtime 1622233426.5991874
File C:\Users\USER\AppData\Local\Programs\Python\Python39\Lib\urllib\request.py first seen with mtime 1620034496.0
File C:\Users\USER\AppData\Local\Programs\Python\Python39\Lib\wsgiref\handlers.py first seen with mtime 1620034496.0
File C:\Users\USER\AppData\Local\Programs\Python\Python39\Lib\site.py first seen with mtime 1620034494.0
File C:\Users\USER\PycharmProjects\hello_django\venv\Lib\site-packages\django\middleware\__init__.py first seen with mtime 1622233427.0061004
File C:\Users\USER\PycharmProjects\hello_django\venv\Lib\site-packages\django\contrib\messages\api.py first seen with mtime 1622233425.4672139
File C:\Users\USER\PycharmProjects\hello_django\venv\Lib\site-packages\django\contrib\messages\apps.py first seen with mtime 1622233425.4682112
File C:\Users\USER\PycharmProjects\hello_django\venv\Lib\site-packages\django\db\transaction.py first seen with mtime 1622233426.669001
File C:\Users\USER\AppData\Local\Programs\Python\Python39\Lib\urllib\error.py first seen with mtime 1620034496.0
File C:\Users\USER\PycharmProjects\hello_django\venv\Lib\site-packages\django\utils\deprecation.py first seen with mtime 1622233427.1028411
File C:\Users\USER\PycharmProjects\hello_django\venv\Lib\site-packages\django\db\backends\sqlite3\client.py first seen with mtime 1622233426.7846925
File C:\Users\USER\PycharmProjects\hello_django\venv\Lib\site-packages\django\core\files\locks.py first seen with mtime 1622233426.5792449
File C:\Users\USER\PycharmProjects\hello_django\venv\Lib\site-packages\django\db\backends\utils.py first seen with mtime 1622233426.67698
File C:\Users\USER\AppData\Local\Programs\Python\Python39\Lib\concurrent\__init__.py first seen with mtime 1620034494.0
File C:\Users\USER\AppData\Local\Programs\Python\Python39\Lib\http\__init__.py first seen with mtime 1620034494.0
File C:\Users\USER\PycharmProjects\hello_django\venv\Lib\site-packages\django\templatetags\static.py first seen with mtime 1622233427.0609531
File C:\Users\USER\AppData\Local\Programs\Python\Python39\Lib\inspect.py first seen with mtime 1620034494.0
File C:\Users\USER\PycharmProjects\hello_django\venv\Lib\site-packages\django\db\models\indexes.py first seen with mtime 1622233426.8335612
File C:\Users\USER\PycharmProjects\hello_django\venv\Lib\site-packages\django\core\checks\security\csrf.py first seen with mtime 1622233426.57226
File C:\Users\USER\PycharmProjects\hello_django\venv\Lib\site-packages\django\http\multipartparser.py first seen with mtime 1622233427.0011137
File C:\Users\USER\AppData\Local\Programs\Python\Python39\Lib\email\mime\multipart.py first seen with mtime 1620034494.0
File C:\Users\USER\PycharmProjects\hello_django\venv\Lib\site-packages\django\db\models\deletion.py first seen with mtime 1622233426.8305688
File C:\Users\USER\AppData\Local\Programs\Python\Python39\Lib\email\mime\__init__.py first seen with mtime 1620034494.0
File C:\Users\USER\PycharmProjects\hello_django\hello_django\myhello\apps.py first seen with mtime 1622233634.5444999
File C:\Users\USER\PycharmProjects\hello_django\venv\Lib\site-packages\django\db\models\sql\__init__.py first seen with mtime 1622233426.8694649
File C:\Users\USER\PycharmProjects\hello_django\venv\Lib\site-packages\django\db\models\fields\files.py first seen with mtime 1622233426.8475237
File C:\Users\USER\AppData\Local\Programs\Python\Python39\Lib\asyncio\transports.py first seen with mtime 1620034494.0
File C:\Users\USER\AppData\Local\Programs\Python\Python39\Lib\queue.py first seen with mtime 1620034494.0
File C:\Users\USER\AppData\Local\Programs\Python\Python39\Lib\sre_parse.py first seen with mtime 1620034494.0
File C:\Users\USER\PycharmProjects\hello_django\venv\Lib\site-packages\django\db\models\options.py first seen with mtime 1622233426.83755
File C:\Users\USER\AppData\Local\Programs\Python\Python39\Lib\difflib.py first seen with mtime 1620034494.0
File C:\Users\USER\PycharmProjects\hello_django\venv\Lib\site-packages\django\utils\translation\reloader.py first seen with mtime 1622233427.17066
File C:\Users\USER\PycharmProjects\hello_django\venv\Lib\site-packages\asgiref\current_thread_executor.py first seen with mtime 1622233422.5972416
File C:\Users\USER\PycharmProjects\hello_django\venv\Lib\site-packages\django\utils\datastructures.py first seen with mtime 1622233427.0928679
File C:\Users\USER\AppData\Local\Programs\Python\Python39\Lib\contextlib.py first seen with mtime 1620034494.0
File C:\Users\USER\PycharmProjects\hello_django\venv\Lib\site-packages\django\middleware\cache.py first seen with mtime 1622233427.007097
File C:\Users\USER\PycharmProjects\hello_django\venv\Lib\site-packages\django\contrib\admin\checks.py first seen with mtime 1622233423.212596
File C:\Users\USER\PycharmProjects\hello_django\venv\Lib\site-packages\django\utils\timesince.py first seen with mtime 1622233427.14074
File C:\Users\USER\PycharmProjects\hello_django\venv\Lib\site-packages\django\contrib\auth\middleware.py first seen with mtime 1622233424.0237372
File C:\Users\USER\PycharmProjects\hello_django\venv\Lib\site-packages\django\db\backends\sqlite3\__init__.py first seen with mtime 1622233426.7817
File C:\Users\USER\AppData\Local\Programs\Python\Python39\Lib\bz2.py first seen with mtime 1620034494.0
File C:\Users\USER\PycharmProjects\hello_django\venv\Lib\site-packages\django\contrib\auth\forms.py first seen with mtime 1622233424.0217433
File C:\Users\USER\AppData\Local\Programs\Python\Python39\Lib\asyncio\windows_events.py first seen with mtime 1620034494.0
File C:\Users\USER\PycharmProjects\hello_django\venv\Lib\site-packages\django\db\models\functions\text.py first seen with mtime 1622233426.8664734
File C:\Users\USER\PycharmProjects\hello_django\venv\Lib\site-packages\django\views\debug.py first seen with mtime 1622233427.1886115
File C:\Users\USER\AppData\Local\Programs\Python\Python39\Lib\ctypes\wintypes.py first seen with mtime 1620034494.0
File C:\Users\USER\AppData\Local\Programs\Python\Python39\Lib\secrets.py first seen with mtime 1620034494.0
File C:\Users\USER\PycharmProjects\hello_django\venv\Lib\site-packages\django\db\backends\base\validation.py first seen with mtime 1622233426.7049055
File C:\Users\USER\AppData\Local\Programs\Python\Python39\Lib\token.py first seen with mtime 1620034496.0
File C:\Users\USER\PycharmProjects\hello_django\venv\Lib\site-packages\django\db\models\fields\related_descriptors.py first seen with mtime 1622233426.8545046
File C:\Users\USER\PycharmProjects\hello_django\venv\Lib\site-packages\django\utils\functional.py first seen with mtime 1622233427.1098223
File C:\Users\USER\PycharmProjects\hello_django\venv\Lib\site-packages\django\utils\http.py first seen with mtime 1622233427.1148093
File C:\Users\USER\PycharmProjects\hello_django\venv\Lib\site-packages\django\utils\safestring.py first seen with mtime 1622233427.1377482
File C:\Users\USER\AppData\Local\Programs\Python\Python39\Lib\operator.py first seen with mtime 1620034494.0
File C:\Users\USER\PycharmProjects\hello_django\venv\Lib\site-packages\django\core\servers\__init__.py first seen with mtime 1622233426.6660087
File C:\Users\USER\PycharmProjects\hello_django\venv\Lib\site-packages\django\db\models\query_utils.py first seen with mtime 1622233426.8405433
File C:\Users\USER\PycharmProjects\hello_django\venv\Lib\site-packages\django\db\backends\base\base.py first seen with mtime 1622233426.680974
File C:\Users\USER\PycharmProjects\hello_django\venv\Lib\site-packages\django\utils\ipv6.py first seen with mtime 1622233427.117802
File C:\Users\USER\PycharmProjects\hello_django\venv\Lib\site-packages\django\db\__init__.py first seen with mtime 1622233426.669001
File C:\Users\USER\PycharmProjects\hello_django\venv\Lib\site-packages\django\contrib\admin\exceptions.py first seen with mtime 1622233423.2145903
File C:\Users\USER\PycharmProjects\hello_django\venv\Lib\site-packages\django\db\backends\sqlite3\features.py first seen with mtime 1622233426.7866864
File C:\Users\USER\AppData\Local\Programs\Python\Python39\Lib\importlib\abc.py first seen with mtime 1620034494.0
File C:\Users\USER\AppData\Local\Programs\Python\Python39\Lib\reprlib.py first seen with mtime 1620034494.0
File C:\Users\USER\PycharmProjects\hello_django\venv\Lib\site-packages\django\contrib\contenttypes\checks.py first seen with mtime 1622233424.3079767
File C:\Users\USER\PycharmProjects\hello_django\venv\Lib\site-packages\django\template\loaders\__init__.py first seen with mtime 1622233427.0489848
File C:\Users\USER\PycharmProjects\hello_django\venv\Lib\site-packages\django\db\models\sql\constants.py first seen with mtime 1622233426.872458
File C:\Users\USER\PycharmProjects\hello_django\venv\Lib\site-packages\django\contrib\auth\password_validation.py first seen with mtime 1622233424.0267298
File C:\Users\USER\PycharmProjects\hello_django\venv\Lib\site-packages\django\db\backends\base\schema.py first seen with mtime 1622233426.7039084
File C:\Users\USER\AppData\Local\Programs\Python\Python39\Lib\glob.py first seen with mtime 1620034494.0
File C:\Users\USER\PycharmProjects\hello_django\venv\Lib\site-packages\django\views\decorators\debug.py first seen with mtime 1622233427.2015772
File C:\Users\USER\PycharmProjects\hello_django\venv\Lib\site-packages\whitenoise\media_types.py first seen with mtime 1622266440.995821
File C:\Users\USER\PycharmProjects\hello_django\venv\Lib\site-packages\asgiref\__init__.py first seen with mtime 1622233422.594249
File C:\Users\USER\AppData\Local\Programs\Python\Python39\Lib\email\message.py first seen with mtime 1620034494.0
File C:\Users\USER\PycharmProjects\hello_django\venv\Lib\site-packages\django\core\management\base.py first seen with mtime 1622233426.6111555
File C:\Users\USER\PycharmProjects\hello_django\venv\Lib\site-packages\django\template\loaders\filesystem.py first seen with mtime 1622233427.0539725
File C:\Users\USER\AppData\Local\Programs\Python\Python39\Lib\asyncio\windows_utils.py first seen with mtime 1620034494.0
File C:\Users\USER\PycharmProjects\hello_django\venv\Lib\site-packages\django\views\generic\__init__.py first seen with mtime 1622233427.2085586
File C:\Users\USER\PycharmProjects\hello_django\venv\Lib\site-packages\django\contrib\sessions\apps.py first seen with mtime 1622233425.98483
File C:\Users\USER\PycharmProjects\hello_django\venv\Lib\site-packages\django\template\exceptions.py first seen with mtime 1622233427.0330276
File C:\Users\USER\AppData\Local\Programs\Python\Python39\Lib\wsgiref\headers.py first seen with mtime 1620034496.0
File C:\Users\USER\PycharmProjects\hello_django\venv\Lib\site-packages\django\core\files\uploadedfile.py first seen with mtime 1622233426.585225
File C:\Users\USER\AppData\Local\Programs\Python\Python39\Lib\argparse.py first seen with mtime 1620034494.0
File C:\Users\USER\AppData\Local\Programs\Python\Python39\Lib\gettext.py first seen with mtime 1620034494.0
File C:\Users\USER\PycharmProjects\hello_django\venv\Lib\site-packages\django\http\cookie.py first seen with mtime 1622233427.0001154
File C:\Users\USER\PycharmProjects\hello_django\venv\Lib\site-packages\django\template\defaultfilters.py first seen with mtime 1622233427.028041
File C:\Users\USER\PycharmProjects\hello_django\venv\Lib\site-packages\django\contrib\staticfiles\checks.py first seen with mtime 1622233426.5263817
File C:\Users\USER\PycharmProjects\hello_django\venv\Lib\site-packages\django\contrib\auth\__init__.py first seen with mtime 1622233424.010773
File C:\Users\USER\PycharmProjects\hello_django\venv\Lib\site-packages\sqlparse\sql.py first seen with mtime 1622233421.679933
File C:\Users\USER\PycharmProjects\hello_django\venv\Lib\site-packages\django\template\loader_tags.py first seen with mtime 1622233427.037017
File C:\Users\USER\AppData\Local\Programs\Python\Python39\DLLs\_queue.pyd first seen with mtime 1620034544.0
File C:\Users\USER\PycharmProjects\hello_django\venv\Lib\site-packages\django\db\models\functions\mixins.py first seen with mtime 1622233426.8654757
File C:\Users\USER\AppData\Local\Programs\Python\Python39\Lib\ntpath.py first seen with mtime 1620034494.0
File C:\Users\USER\AppData\Local\Programs\Python\Python39\Lib\locale.py first seen with mtime 1620034494.0
File C:\Users\USER\PycharmProjects\hello_django\venv\Lib\site-packages\django\db\utils.py first seen with mtime 1622233426.6709955
File C:\Users\USER\AppData\Local\Programs\Python\Python39\Lib\email\generator.py first seen with mtime 1620034494.0
File C:\Users\USER\AppData\Local\Programs\Python\Python39\Lib\unittest\result.py first seen with mtime 1620034496.0
File C:\Users\USER\PycharmProjects\hello_django\venv\Lib\site-packages\django\db\models\functions\comparison.py first seen with mtime 1622233426.859492
File C:\Users\USER\PycharmProjects\hello_django\venv\Lib\site-packages\django\utils\decorators.py first seen with mtime 1622233427.1018438
File C:\Users\USER\PycharmProjects\hello_django\venv\Lib\site-packages\sqlparse\keywords.py first seen with mtime 1622233421.677937
File C:\Users\USER\PycharmProjects\hello_django\venv\Lib\site-packages\django\utils\inspect.py first seen with mtime 1622233427.1168041
File C:\Users\USER\PycharmProjects\hello_django\venv\Lib\site-packages\django\utils\lorem_ipsum.py first seen with mtime 1622233427.123785
File C:\Users\USER\AppData\Local\Programs\Python\Python39\Lib\dis.py first seen with mtime 1620034494.0
File C:\Users\USER\AppData\Local\Programs\Python\Python39\DLLs\_uuid.pyd first seen with mtime 1620034544.0
File C:\Users\USER\AppData\Local\Programs\Python\Python39\Lib\json\encoder.py first seen with mtime 1620034494.0
File C:\Users\USER\PycharmProjects\hello_django\venv\Lib\site-packages\django\contrib\staticfiles\management\__init__.py first seen with mtime 1622233426.534361
File C:\Users\USER\PycharmProjects\hello_django\venv\Lib\site-packages\whitenoise\__init__.py first seen with mtime 1622266440.9928288
File C:\Users\USER\AppData\Local\Programs\Python\Python39\Lib\getpass.py first seen with mtime 1620034494.0
File C:\Users\USER\AppData\Local\Programs\Python\Python39\Lib\email\mime\text.py first seen with mtime 1620034494.0
File C:\Users\USER\PycharmProjects\hello_django\venv\Lib\site-packages\django\contrib\auth\management\__init__.py first seen with mtime 1622233424.286036
File C:\Users\USER\PycharmProjects\hello_django\venv\Lib\site-packages\django\views\__init__.py first seen with mtime 1622233427.1856196
File C:\Users\USER\AppData\Local\Programs\Python\Python39\Lib\traceback.py first seen with mtime 1620034496.0
File C:\Users\USER\AppData\Local\Programs\Python\Python39\Lib\email\encoders.py first seen with mtime 1620034494.0
File C:\Users\USER\AppData\Local\Programs\Python\Python39\Lib\ipaddress.py first seen with mtime 1620034494.0
File C:\Users\USER\AppData\Local\Programs\Python\Python39\Lib\_markupbase.py first seen with mtime 1620034494.0
File C:\Users\USER\PycharmProjects\hello_django\venv\Lib\site-packages\django\db\backends\sqlite3\creation.py first seen with mtime 1622233426.7856889
File C:\Users\USER\PycharmProjects\hello_django\venv\Lib\site-packages\sqlparse\engine\grouping.py first seen with mtime 1622233421.683921
File C:\Users\USER\AppData\Local\Programs\Python\Python39\Lib\uuid.py first seen with mtime 1620034496.0
File C:\Users\USER\AppData\Local\Programs\Python\Python39\Lib\json\__init__.py first seen with mtime 1620034494.0
File C:\Users\USER\PycharmProjects\hello_django\venv\Lib\site-packages\django\core\servers\basehttp.py first seen with mtime 1622233426.6670067
File C:\Users\USER\PycharmProjects\hello_django\venv\Lib\site-packages\django\contrib\auth\validators.py first seen with mtime 1622233424.031716
File C:\Users\USER\AppData\Local\Programs\Python\Python39\Lib\asyncio\proactor_events.py first seen with mtime 1620034494.0
File C:\Users\USER\PycharmProjects\hello_django\venv\Lib\site-packages\sqlparse\filters\__init__.py first seen with mtime 1622233421.6859155
File C:\Users\USER\PycharmProjects\hello_django\venv\Lib\site-packages\django\contrib\admin\utils.py first seen with mtime 1622233423.222569
File C:\Users\USER\AppData\Local\Programs\Python\Python39\Lib\enum.py first seen with mtime 1620034494.0
File C:\Users\USER\AppData\Local\Programs\Python\Python39\Lib\email\base64mime.py first seen with mtime 1620034494.0
File C:\Users\USER\AppData\Local\Programs\Python\Python39\Lib\json\scanner.py first seen with mtime 1620034494.0
File C:\Users\USER\AppData\Local\Programs\Python\Python39\Lib\email\header.py first seen with mtime 1620034494.0
File C:\Users\USER\PycharmProjects\hello_django\venv\Lib\site-packages\django\urls\__init__.py first seen with mtime 1622233427.0749164
File C:\Users\USER\PycharmProjects\hello_django\venv\Lib\site-packages\django\template\response.py first seen with mtime 1622233427.039012
File C:\Users\USER\AppData\Local\Programs\Python\Python39\Lib\unittest\loader.py first seen with mtime 1620034496.0
File C:\Users\USER\PycharmProjects\hello_django\venv\Lib\site-packages\django\template\engine.py first seen with mtime 1622233427.0320578
File C:\Users\USER\AppData\Local\Programs\Python\Python39\Lib\linecache.py first seen with mtime 1620034494.0
File C:\Users\USER\PycharmProjects\hello_django\venv\Lib\site-packages\django\core\files\utils.py first seen with mtime 1622233426.5882173
File C:\Users\USER\AppData\Local\Programs\Python\Python39\Lib\asyncio\streams.py first seen with mtime 1620034494.0
File C:\Users\USER\AppData\Local\Programs\Python\Python39\Lib\unittest\runner.py first seen with mtime 1620034496.0
File C:\Users\USER\PycharmProjects\hello_django\venv\Lib\site-packages\django\contrib\admin\templatetags\admin_list.py first seen with mtime 1622233423.76443
File C:\Users\USER\AppData\Local\Programs\Python\Python39\Lib\email\_parseaddr.py first seen with mtime 1620034494.0
File C:\Users\USER\PycharmProjects\hello_django\venv\Lib\site-packages\django\contrib\auth\backends.py first seen with mtime 1622233424.014761
File C:\Users\USER\PycharmProjects\hello_django\venv\Lib\site-packages\django\template\utils.py first seen with mtime 1622233427.0410063
File C:\Users\USER\AppData\Local\Programs\Python\Python39\Lib\asyncio\base_futures.py first seen with mtime 1620034494.0
File C:\Users\USER\AppData\Local\Programs\Python\Python39\Lib\asyncio\locks.py first seen with mtime 1620034494.0
File C:\Users\USER\AppData\Local\Programs\Python\Python39\Lib\tokenize.py first seen with mtime 1620034496.0
File C:\Users\USER\PycharmProjects\hello_django\venv\Lib\site-packages\django\core\checks\__init__.py first seen with mtime 1622233426.5563023
File C:\Users\USER\PycharmProjects\hello_django\venv\Lib\site-packages\django\utils\termcolors.py first seen with mtime 1622233427.1387446
File C:\Users\USER\PycharmProjects\hello_django\venv\Lib\site-packages\django\core\cache\backends\filebased.py first seen with mtime 1622233426.5523138
File C:\Users\USER\AppData\Local\Programs\Python\Python39\Lib\email\_header_value_parser.py first seen with mtime 1620034494.0
File C:\Users\USER\AppData\Local\Programs\Python\Python39\Lib\asyncio\protocols.py first seen with mtime 1620034494.0
File C:\Users\USER\PycharmProjects\hello_django\venv\Lib\site-packages\django\core\checks\templates.py first seen with mtime 1622233426.5652792
File C:\Users\USER\AppData\Local\Programs\Python\Python39\Lib\tempfile.py first seen with mtime 1620034494.0
File C:\Users\USER\PycharmProjects\hello_django\venv\Lib\site-packages\django\core\checks\registry.py first seen with mtime 1622233426.5642843
File C:\Users\USER\AppData\Local\Programs\Python\Python39\Lib\asyncio\runners.py first seen with mtime 1620034494.0
File C:\Users\USER\AppData\Local\Programs\Python\Python39\DLLs\unicodedata.pyd first seen with mtime 1620034546.0
File C:\Users\USER\AppData\Local\Programs\Python\Python39\Lib\hmac.py first seen with mtime 1620034494.0
File C:\Users\USER\AppData\Local\Programs\Python\Python39\Lib\email\utils.py first seen with mtime 1620034494.0
File C:\Users\USER\PycharmProjects\hello_django\venv\Lib\site-packages\django\utils\crypto.py first seen with mtime 1622233427.0918705
File C:\Users\USER\PycharmProjects\hello_django\venv\Lib\site-packages\django\forms\renderers.py first seen with mtime 1622233426.8963974
File C:\Users\USER\PycharmProjects\hello_django\venv\Lib\site-packages\django\utils\numberformat.py first seen with mtime 1622233427.1267774
File C:\Users\USER\PycharmProjects\hello_django\venv\Lib\site-packages\pytz\lazy.py first seen with mtime 1622233422.0122979
File C:\Users\USER\PycharmProjects\hello_django\venv\Lib\site-packages\django\contrib\staticfiles\finders.py first seen with mtime 1622233426.5283797
File C:\Users\USER\PycharmProjects\hello_django\venv\Lib\site-packages\django\db\models\functions\__init__.py first seen with mtime 1622233426.8584955
File C:\Users\USER\AppData\Local\Programs\Python\Python39\Lib\email\mime\nonmultipart.py first seen with mtime 1620034494.0
File C:\Users\USER\PycharmProjects\hello_django\venv\Lib\site-packages\django\db\models\fields\__init__.py first seen with mtime 1622233426.8465328
File C:\Users\USER\PycharmProjects\hello_django\venv\Lib\site-packages\django\utils\tree.py first seen with mtime 1622233427.1547024
File C:\Users\USER\PycharmProjects\hello_django\venv\Lib\site-packages\django\apps\__init__.py first seen with mtime 1622233422.7937157
File C:\Users\USER\AppData\Local\Programs\Python\Python39\Lib\decimal.py first seen with mtime 1620034494.0
File C:\Users\USER\PycharmProjects\hello_django\venv\Lib\site-packages\django\db\migrations\operations\special.py first seen with mtime 1622233426.8195994
File C:\Users\USER\AppData\Local\Programs\Python\Python39\Lib\unittest\util.py first seen with mtime 1620034496.0
File C:\Users\USER\PycharmProjects\hello_django\venv\Lib\site-packages\django\db\migrations\__init__.py first seen with mtime 1622233426.792671
File C:\Users\USER\PycharmProjects\hello_django\venv\Lib\site-packages\django\apps\registry.py first seen with mtime 1622233422.7977054
File C:\Users\USER\PycharmProjects\hello_django\venv\Lib\site-packages\sqlparse\filters\right_margin.py first seen with mtime 1622233421.6899047
File C:\Users\USER\PycharmProjects\hello_django\venv\Lib\site-packages\django\templatetags\l10n.py first seen with mtime 1622233427.059956
File C:\Users\USER\PycharmProjects\hello_django\venv\Lib\site-packages\django\utils\regex_helper.py first seen with mtime 1622233427.1277747
File C:\Users\USER\PycharmProjects\hello_django\venv\Lib\site-packages\django\contrib\auth\admin.py first seen with mtime 1622233424.0117693
File C:\Users\USER\AppData\Local\Programs\Python\Python39\Lib\email\mime\base.py first seen with mtime 1620034494.0
File C:\Users\USER\AppData\Local\Programs\Python\Python39\Lib\collections\abc.py first seen with mtime 1620034494.0
File C:\Users\USER\AppData\Local\Programs\Python\Python39\Lib\signal.py first seen with mtime 1620034494.0
File C:\Users\USER\AppData\Local\Programs\Python\Python39\Lib\wsgiref\simple_server.py first seen with mtime 1620034496.0
File C:\Users\USER\AppData\Local\Programs\Python\Python39\Lib\sqlite3\dbapi2.py first seen with mtime 1620034494.0
File C:\Users\USER\PycharmProjects\hello_django\venv\Lib\site-packages\django\core\management\commands\__init__.py first seen with mtime 1622233426.619135
File C:\Users\USER\PycharmProjects\hello_django\venv\Lib\site-packages\django\templatetags\cache.py first seen with mtime 1622233427.0569637
File C:\Users\USER\AppData\Local\Programs\Python\Python39\Lib\gzip.py first seen with mtime 1620034494.0
File C:\Users\USER\PycharmProjects\hello_django\venv\Lib\site-packages\django\core\files\move.py first seen with mtime 1622233426.5822344
File C:\Users\USER\AppData\Local\Programs\Python\Python39\Lib\importlib\__init__.py first seen with mtime 1620034494.0
File C:\Users\USER\PycharmProjects\hello_django\venv\Lib\site-packages\django\contrib\admin\widgets.py first seen with mtime 1622233423.2235665
File C:\Users\USER\AppData\Local\Programs\Python\Python39\DLLs\_ctypes.pyd first seen with mtime 1620034544.0
File C:\Users\USER\PycharmProjects\hello_django\venv\Lib\site-packages\django\utils\version.py first seen with mtime 1622233427.1566978
File C:\Users\USER\AppData\Local\Programs\Python\Python39\Lib\sre_compile.py first seen with mtime 1620034494.0
File C:\Users\USER\PycharmProjects\hello_django\venv\Lib\site-packages\django\contrib\contenttypes\management\__init__.py first seen with mtime 1622233424.558473
File C:\Users\USER\PycharmProjects\hello_django\venv\Lib\site-packages\django\utils\asyncio.py first seen with mtime 1622233427.0858867
File C:\Users\USER\AppData\Local\Programs\Python\Python39\Lib\encodings\cp950.py first seen with mtime 1620034494.0
File C:\Users\USER\AppData\Local\Programs\Python\Python39\Lib\urllib\parse.py first seen with mtime 1620034496.0
File C:\Users\USER\AppData\Local\Programs\Python\Python39\Lib\quopri.py first seen with mtime 1620034494.0
File C:\Users\USER\PycharmProjects\hello_django\venv\Lib\site-packages\django\contrib\contenttypes\models.py first seen with mtime 1622233424.3109689
File C:\Users\USER\AppData\Local\Programs\Python\Python39\Lib\keyword.py first seen with mtime 1620034494.0
File C:\Users\USER\AppData\Local\Programs\Python\Python39\Lib\asyncio\tasks.py first seen with mtime 1620034494.0
File C:\Users\USER\AppData\Local\Programs\Python\Python39\Lib\asyncio\log.py first seen with mtime 1620034494.0
File C:\Users\USER\PycharmProjects\hello_django\venv\Lib\site-packages\django\db\backends\sqlite3\base.py first seen with mtime 1622233426.783695
File C:\Users\USER\PycharmProjects\hello_django\venv\Lib\site-packages\django\contrib\admin\templatetags\__init__.py first seen with mtime 1622233423.7634332
File C:\Users\USER\PycharmProjects\hello_django\venv\Lib\site-packages\django\utils\dates.py first seen with mtime 1622233427.0978541
File C:\Users\USER\PycharmProjects\hello_django\venv\Lib\site-packages\django\contrib\contenttypes\admin.py first seen with mtime 1622233424.3069794
File C:\Users\USER\PycharmProjects\hello_django\venv\Lib\site-packages\django\db\backends\sqlite3\operations.py first seen with mtime 1622233426.7896786
File C:\Users\USER\PycharmProjects\hello_django\venv\Lib\site-packages\django\views\i18n.py first seen with mtime 1622233427.1906068
File C:\Users\USER\AppData\Local\Programs\Python\Python39\Lib\distutils\__init__.py first seen with mtime 1620034494.0
File C:\Users\USER\AppData\Local\Programs\Python\Python39\Lib\fractions.py first seen with mtime 1620034494.0
File C:\Users\USER\AppData\Local\Programs\Python\Python39\Lib\abc.py first seen with mtime 1620034494.0
File C:\Users\USER\AppData\Local\Programs\Python\Python39\Lib\shutil.py first seen with mtime 1620034494.0
File C:\Users\USER\PycharmProjects\hello_django\venv\Lib\site-packages\sqlparse\engine\filter_stack.py first seen with mtime 1622233421.6829233
File C:\Users\USER\PycharmProjects\hello_django\venv\Lib\site-packages\django\db\migrations\utils.py first seen with mtime 1622233426.8106222
File C:\Users\USER\PycharmProjects\hello_django\venv\Lib\site-packages\django\contrib\admin\views\autocomplete.py first seen with mtime 1622233423.7704153
File C:\Users\USER\PycharmProjects\hello_django\venv\Lib\site-packages\pytz\tzfile.py first seen with mtime 1622233422.0132942
File C:\Users\USER\AppData\Local\Programs\Python\Python39\Lib\concurrent\futures\__init__.py first seen with mtime 1620034494.0
File C:\Users\USER\AppData\Local\Programs\Python\Python39\Lib\asyncio\exceptions.py first seen with mtime 1620034494.0
File C:\Users\USER\PycharmProjects\hello_django\venv\Lib\site-packages\django\contrib\__init__.py first seen with mtime 1622233423.2096038
File C:\Users\USER\PycharmProjects\hello_django\venv\Lib\site-packages\django\db\backends\sqlite3\schema.py first seen with mtime 1622233426.7916734
File C:\Users\USER\PycharmProjects\hello_django\venv\Lib\site-packages\django\contrib\auth\signals.py first seen with mtime 1622233424.0277264
File C:\Users\USER\PycharmProjects\hello_django\venv\Lib\site-packages\django\contrib\admin\helpers.py first seen with mtime 1622233423.2175827
File C:\Users\USER\PycharmProjects\hello_django\venv\Lib\site-packages\django\core\checks\caches.py first seen with mtime 1622233426.558297
File C:\Users\USER\AppData\Local\Programs\Python\Python39\Lib\ctypes\__init__.py first seen with mtime 1620034494.0
File C:\Users\USER\PycharmProjects\hello_django\venv\Lib\site-packages\django\core\exceptions.py first seen with mtime 1622233426.5433373
File C:\Users\USER\AppData\Local\Programs\Python\Python39\Lib\asyncio\coroutines.py first seen with mtime 1620034494.0
File C:\Users\USER\AppData\Local\Programs\Python\Python39\DLLs\_socket.pyd first seen with mtime 1620034544.0
File C:\Users\USER\PycharmProjects\hello_django\venv\Lib\site-packages\django\urls\converters.py first seen with mtime 1622233427.0779083
File C:\Users\USER\PycharmProjects\hello_django\venv\Lib\site-packages\django\core\serializers\__init__.py first seen with mtime 1622233426.655038
File C:\Users\USER\PycharmProjects\hello_django\venv\Lib\site-packages\django\contrib\staticfiles\management\commands\__init__.py first seen with mtime 1622233426.5353582
File C:\Users\USER\PycharmProjects\hello_django\venv\Lib\site-packages\django\template\smartif.py first seen with mtime 1622233427.040009
File C:\Users\USER\PycharmProjects\hello_django\venv\Lib\site-packages\django\db\migrations\migration.py first seen with mtime 1622233426.8026438
File C:\Users\USER\PycharmProjects\hello_django\venv\Lib\site-packages\django\template\loaders\base.py first seen with mtime 1622233427.0519772
File C:\Users\USER\PycharmProjects\hello_django\venv\Lib\site-packages\django\utils\translation\trans_real.py first seen with mtime 1622233427.1836252
File C:\Users\USER\PycharmProjects\hello_django\venv\Lib\site-packages\sqlparse\filters\aligned_indent.py first seen with mtime 1622233421.686913
File C:\Users\USER\AppData\Local\Programs\Python\Python39\Lib\encodings\aliases.py first seen with mtime 1620034494.0
File C:\Users\USER\PycharmProjects\hello_django\venv\Lib\site-packages\django\template\backends\django.py first seen with mtime 1622233427.043999
File C:\Users\USER\AppData\Local\Programs\Python\Python39\Lib\functools.py first seen with mtime 1620034494.0
File C:\Users\USER\AppData\Local\Programs\Python\Python39\Lib\encodings\utf_8.py first seen with mtime 1620034494.0
File C:\Users\USER\AppData\Local\Programs\Python\Python39\Lib\email\parser.py first seen with mtime 1620034494.0
File C:\Users\USER\PycharmProjects\hello_django\venv\Lib\site-packages\sqlparse\filters\others.py first seen with mtime 1622233421.686913
File C:\Users\USER\PycharmProjects\hello_django\venv\Lib\site-packages\django\template\backends\__init__.py first seen with mtime 1622233427.0420036
File C:\Users\USER\PycharmProjects\hello_django\venv\Lib\site-packages\django\utils\encoding.py first seen with mtime 1622233427.105834
File C:\Users\USER\AppData\Local\Programs\Python\Python39\Lib\string.py first seen with mtime 1620034494.0
File C:\Users\USER\PycharmProjects\hello_django\venv\Lib\site-packages\sqlparse\formatter.py first seen with mtime 1622233421.67694
File C:\Users\USER\PycharmProjects\hello_django\venv\Lib\site-packages\django\utils\hashable.py first seen with mtime 1622233427.1118174
File C:\Users\USER\AppData\Local\Programs\Python\Python39\Lib\heapq.py first seen with mtime 1620034494.0
File C:\Users\USER\AppData\Local\Programs\Python\Python39\Lib\_bootlocale.py first seen with mtime 1620034494.0
File C:\Users\USER\PycharmProjects\hello_django\venv\Lib\site-packages\django\db\models\utils.py first seen with mtime 1622233426.8435352
File C:\Users\USER\PycharmProjects\hello_django\venv\Lib\site-packages\django\db\models\fields\json.py first seen with mtime 1622233426.848522
File C:\Users\USER\AppData\Local\Programs\Python\Python39\Lib\re.py first seen with mtime 1620034494.0
File C:\Users\USER\PycharmProjects\hello_django\venv\Lib\site-packages\django\utils\duration.py first seen with mtime 1622233427.103839
File C:\Users\USER\PycharmProjects\hello_django\venv\Lib\site-packages\django\utils\autoreload.py first seen with mtime 1622233427.086884
File C:\Users\USER\AppData\Local\Programs\Python\Python39\Lib\opcode.py first seen with mtime 1620034494.0
File C:\Users\USER\AppData\Local\Programs\Python\Python39\Lib\threading.py first seen with mtime 1620034496.0
File C:\Users\USER\AppData\Local\Programs\Python\Python39\Lib\_compression.py first seen with mtime 1620034494.0
File C:\Users\USER\AppData\Local\Programs\Python\Python39\Lib\asyncio\threads.py first seen with mtime 1620034494.0
File C:\Users\USER\PycharmProjects\hello_django\venv\Lib\site-packages\django\db\models\functions\datetime.py first seen with mtime 1622233426.862486
File C:\Users\USER\AppData\Local\Programs\Python\Python39\Lib\email\feedparser.py first seen with mtime 1620034494.0
File C:\Users\USER\PycharmProjects\hello_django\venv\Lib\site-packages\django\core\validators.py first seen with mtime 1622233426.5463295
File C:\Users\USER\PycharmProjects\hello_django\venv\Lib\site-packages\django\db\backends\base\operations.py first seen with mtime 1622233426.701913
File C:\Users\USER\AppData\Local\Programs\Python\Python39\Lib\ssl.py first seen with mtime 1620034494.0
File C:\Users\USER\PycharmProjects\hello_django\venv\Lib\site-packages\django\core\checks\security\__init__.py first seen with mtime 1622233426.5702653
File C:\Users\USER\PycharmProjects\hello_django\venv\Lib\site-packages\django\forms\models.py first seen with mtime 1622233426.8943985
File C:\Users\USER\AppData\Local\Programs\Python\Python39\Lib\posixpath.py first seen with mtime 1620034494.0
File C:\Users\USER\PycharmProjects\hello_django\venv\Lib\site-packages\django\contrib\contenttypes\forms.py first seen with mtime 1622233424.3099742
File C:\Users\USER\PycharmProjects\hello_django\venv\Lib\site-packages\pytz\tzinfo.py first seen with mtime 1622233422.014292
File C:\Users\USER\PycharmProjects\hello_django\venv\Lib\site-packages\django\core\files\uploadhandler.py first seen with mtime 1622233426.587221
File C:\Users\USER\PycharmProjects\hello_django\venv\Lib\site-packages\pytz\exceptions.py first seen with mtime 1622233422.0112994
File C:\Users\USER\PycharmProjects\hello_django\hello_django\myhello\models.py first seen with mtime 1622233634.5454974
File C:\Users\USER\PycharmProjects\hello_django\venv\Lib\site-packages\django\template\defaulttags.py first seen with mtime 1622233427.0300403
File C:\Users\USER\PycharmProjects\hello_django\hello_django\myhello\admin.py first seen with mtime 1622233634.5425284
File C:\Users\USER\PycharmProjects\hello_django\venv\Lib\site-packages\django\urls\base.py first seen with mtime 1622233427.0759134
File C:\Users\USER\PycharmProjects\hello_django\venv\Lib\site-packages\django\views\generic\detail.py first seen with mtime 1622233427.2135453
File C:\Users\USER\AppData\Local\Programs\Python\Python39\Lib\wsgiref\util.py first seen with mtime 1620034496.0
File C:\Users\USER\PycharmProjects\hello_django\venv\Lib\site-packages\django\apps\config.py first seen with mtime 1622233422.795711
File C:\Users\USER\PycharmProjects\hello_django\venv\Lib\site-packages\django\core\paginator.py first seen with mtime 1622233426.5443351
File C:\Users\USER\PycharmProjects\hello_django\venv\Lib\site-packages\django\views\defaults.py first seen with mtime 1622233427.1896088
File C:\Users\USER\AppData\Local\Programs\Python\Python39\Lib\base64.py first seen with mtime 1620034494.0
File C:\Users\USER\PycharmProjects\hello_django\venv\Lib\site-packages\django\contrib\contenttypes\views.py first seen with mtime 1622233424.3119671
File C:\Users\USER\AppData\Local\Programs\Python\Python39\Lib\email\headerregistry.py first seen with mtime 1620034494.0
File C:\Users\USER\PycharmProjects\hello_django\venv\Lib\site-packages\asgiref\local.py first seen with mtime 1622233422.599236
File C:\Users\USER\PycharmProjects\hello_django\venv\Lib\site-packages\django\db\models\sql\datastructures.py first seen with mtime 1622233426.8734543
File C:\Users\USER\PycharmProjects\hello_django\venv\Lib\site-packages\django\urls\conf.py first seen with mtime 1622233427.0769117
File C:\Users\USER\PycharmProjects\hello_django\venv\Lib\site-packages\django\contrib\admin\__init__.py first seen with mtime 1622233423.2096038
File C:\Users\USER\PycharmProjects\hello_django\venv\Lib\site-packages\django\db\migrations\operations\utils.py first seen with mtime 1622233426.820597
File C:\Users\USER\AppData\Local\Programs\Python\Python39\Lib\types.py first seen with mtime 1620034496.0
File C:\Users\USER\PycharmProjects\hello_django\venv\Lib\site-packages\django\contrib\sessions\base_session.py first seen with mtime 1622233425.985828
File C:\Users\USER\PycharmProjects\hello_django\venv\Lib\site-packages\django\core\files\images.py first seen with mtime 1622233426.577246
File C:\Users\USER\AppData\Local\Programs\Python\Python39\Lib\warnings.py first seen with mtime 1620034496.0
File C:\Users\USER\AppData\Local\Programs\Python\Python39\Lib\concurrent\futures\thread.py first seen with mtime 1620034494.0
File C:\Users\USER\AppData\Local\Programs\Python\Python39\Lib\collections\__init__.py first seen with mtime 1620034494.0
File C:\Users\USER\PycharmProjects\hello_django\venv\Lib\site-packages\django\conf\urls\__init__.py first seen with mtime 1622233423.206612
File C:\Users\USER\AppData\Local\Programs\Python\Python39\Lib\unittest\suite.py first seen with mtime 1620034496.0
File C:\Users\USER\PycharmProjects\hello_django\venv\Lib\site-packages\django\contrib\admin\sites.py first seen with mtime 1622233423.2205749
File C:\Users\USER\PycharmProjects\hello_django\venv\Lib\site-packages\pytz\__init__.py first seen with mtime 1622233422.0103023
File C:\Users\USER\PycharmProjects\hello_django\venv\Lib\site-packages\django\core\files\__init__.py first seen with mtime 1622233426.5752518
File C:\Users\USER\AppData\Local\Programs\Python\Python39\Lib\subprocess.py first seen with mtime 1620034494.0
File C:\Users\USER\PycharmProjects\hello_django\venv\Lib\site-packages\django\template\__init__.py first seen with mtime 1622233427.021061
File C:\Users\USER\PycharmProjects\hello_django\venv\Lib\site-packages\django\db\migrations\state.py first seen with mtime 1622233426.809625
File C:\Users\USER\AppData\Local\Programs\Python\Python39\Lib\asyncio\staggered.py first seen with mtime 1620034494.0
File C:\Users\USER\PycharmProjects\hello_django\venv\Lib\site-packages\django\template\loaders\app_directories.py first seen with mtime 1622233427.0499833
File C:\Users\USER\PycharmProjects\hello_django\venv\Lib\site-packages\django\contrib\staticfiles\views.py first seen with mtime 1622233426.5333643
File C:\Users\USER\PycharmProjects\hello_django\venv\Lib\site-packages\django\db\models\signals.py first seen with mtime 1622233426.8425379
File C:\Users\USER\PycharmProjects\hello_django\venv\Lib\site-packages\django\utils\dateparse.py first seen with mtime 1622233427.096857
File C:\Users\USER\PycharmProjects\hello_django\venv\Lib\site-packages\django\core\serializers\python.py first seen with mtime 1622233426.6600256
File C:\Users\USER\PycharmProjects\hello_django\venv\Lib\site-packages\django\db\models\query.py first seen with mtime 1622233426.839545
File C:\Users\USER\PycharmProjects\hello_django\venv\Lib\site-packages\django\contrib\contenttypes\__init__.py first seen with mtime 1622233424.305982
File C:\Users\USER\PycharmProjects\hello_django\venv\Lib\site-packages\django\utils\baseconv.py first seen with mtime 1622233427.0888784
File C:\Users\USER\AppData\Local\Programs\Python\Python39\Lib\asyncio\base_events.py first seen with mtime 1620034494.0
File C:\Users\USER\PycharmProjects\hello_django\venv\Lib\site-packages\django\utils\formats.py first seen with mtime 1622233427.1078289
File C:\Users\USER\AppData\Local\Programs\Python\Python39\Lib\email\__init__.py first seen with mtime 1620034494.0
File C:\Users\USER\PycharmProjects\hello_django\venv\Lib\site-packages\django\db\models\sql\subqueries.py first seen with mtime 1622233426.8774438
File C:\Users\USER\PycharmProjects\hello_django\venv\Lib\site-packages\django\db\models\functions\window.py first seen with mtime 1622233426.8684678
File C:\Users\USER\AppData\Local\Programs\Python\Python39\Lib\genericpath.py first seen with mtime 1620034494.0
File C:\Users\USER\PycharmProjects\hello_django\venv\Lib\site-packages\django\db\migrations\operations\models.py first seen with mtime 1622233426.818601
File C:\Users\USER\AppData\Local\Programs\Python\Python39\Lib\email\_encoded_words.py first seen with mtime 1620034494.0
File C:\Users\USER\AppData\Local\Programs\Python\Python39\DLLs\_sqlite3.pyd first seen with mtime 1620034544.0
File C:\Users\USER\PycharmProjects\hello_django\venv\Lib\site-packages\django\contrib\sessions\models.py first seen with mtime 1622233425.9888198
File C:\Users\USER\AppData\Local\Programs\Python\Python39\Lib\email\quoprimime.py first seen with mtime 1620034494.0
File C:\Users\USER\PycharmProjects\hello_django\venv\Lib\site-packages\django\views\generic\list.py first seen with mtime 1622233427.2155404
File C:\Users\USER\AppData\Local\Programs\Python\Python39\DLLs\select.pyd first seen with mtime 1620034546.0
File C:\Users\USER\AppData\Local\Programs\Python\Python39\Lib\logging\config.py first seen with mtime 1620034494.0
File C:\Users\USER\AppData\Local\Programs\Python\Python39\Lib\email\contentmanager.py first seen with mtime 1620034494.0
File C:\Users\USER\AppData\Local\Programs\Python\Python39\Lib\asyncio\sslproto.py first seen with mtime 1620034494.0
File C:\Users\USER\AppData\Local\Programs\Python\Python39\Lib\email\iterators.py first seen with mtime 1620034494.0
File C:\Users\USER\AppData\Local\Programs\Python\Python39\Lib\contextvars.py first seen with mtime 1620034494.0
File C:\Users\USER\PycharmProjects\hello_django\venv\Lib\site-packages\django\core\handlers\wsgi.py first seen with mtime 1622233426.5932043
File C:\Users\USER\AppData\Local\Programs\Python\Python39\Lib\selectors.py first seen with mtime 1620034494.0
File C:\Users\USER\PycharmProjects\hello_django\hello_django\hello_django\settings.py first seen with mtime 1622327444.957889
File C:\Users\USER\PycharmProjects\hello_django\venv\Lib\site-packages\django\utils\_os.py first seen with mtime 1622233427.0838916
File C:\Users\USER\PycharmProjects\hello_django\venv\Lib\site-packages\django\contrib\auth\hashers.py first seen with mtime 1622233424.0227396
File C:\Users\USER\AppData\Local\Programs\Python\Python39\Lib\email\errors.py first seen with mtime 1620034494.0
File C:\Users\USER\PycharmProjects\hello_django\venv\Lib\site-packages\django\templatetags\__init__.py first seen with mtime 1622233427.0559669
File C:\Users\USER\PycharmProjects\hello_django\venv\Lib\site-packages\django\forms\forms.py first seen with mtime 1622233426.890409
File C:\Users\USER\PycharmProjects\hello_django\venv\Lib\site-packages\django\utils\translation\__init__.py first seen with mtime 1622233427.168665
File C:\Users\USER\PycharmProjects\hello_django\venv\Lib\site-packages\django\contrib\staticfiles\__init__.py first seen with mtime 1622233426.5253847
File C:\Users\USER\PycharmProjects\hello_django\venv\Lib\site-packages\django\db\models\sql\where.py first seen with mtime 1622233426.8794422
File C:\Users\USER\PycharmProjects\hello_django\venv\Lib\site-packages\django\core\mail\message.py first seen with mtime 1622233426.597195
File C:\Users\USER\PycharmProjects\hello_django\venv\Lib\site-packages\django\contrib\admin\templatetags\base.py first seen with mtime 1622233423.7674224
File C:\Users\USER\PycharmProjects\hello_django\venv\Lib\site-packages\django\contrib\auth\base_user.py first seen with mtime 1622233424.0157585
File C:\Users\USER\AppData\Local\Programs\Python\Python39\Lib\cgi.py first seen with mtime 1620034494.0
File C:\Users\USER\PycharmProjects\hello_django\venv\Lib\site-packages\django\contrib\admin\apps.py first seen with mtime 1622233423.2115984
File C:\Users\USER\PycharmProjects\hello_django\venv\Lib\site-packages\django\core\checks\security\sessions.py first seen with mtime 1622233426.5732572
File C:\Users\USER\AppData\Local\Programs\Python\Python39\DLLs\_decimal.pyd first seen with mtime 1620034546.0
File C:\Users\USER\PycharmProjects\hello_django\venv\Lib\site-packages\django\core\signals.py first seen with mtime 1622233426.5453322
File C:\Users\USER\AppData\Local\Programs\Python\Python39\Lib\socket.py first seen with mtime 1620034494.0
File C:\Users\USER\PycharmProjects\hello_django\venv\Lib\site-packages\django\core\signing.py first seen with mtime 1622233426.5453322
File C:\Users\USER\PycharmProjects\hello_django\venv\Lib\site-packages\django\contrib\auth\apps.py first seen with mtime 1622233424.013764
File C:\Users\USER\PycharmProjects\hello_django\venv\Lib\site-packages\sqlparse\engine\statement_splitter.py first seen with mtime 1622233421.6849184
File C:\Users\USER\PycharmProjects\hello_django\venv\Lib\site-packages\django\core\checks\database.py first seen with mtime 1622233426.5592942
File C:\Users\USER\PycharmProjects\hello_django\venv\Lib\site-packages\django\db\models\fields\related.py first seen with mtime 1622233426.8525102
File C:\Users\USER\AppData\Local\Programs\Python\Python39\Lib\unittest\case.py first seen with mtime 1620034496.0
File C:\Users\USER\PycharmProjects\hello_django\venv\Lib\site-packages\django\contrib\contenttypes\fields.py first seen with mtime 1622233424.3089747
File C:\Users\USER\AppData\Local\Programs\Python\Python39\Lib\uu.py first seen with mtime 1620034496.0
File C:\Users\USER\PycharmProjects\hello_django\venv\Lib\site-packages\django\core\serializers\base.py first seen with mtime 1622233426.6570337
File C:\Users\USER\PycharmProjects\hello_django\venv\Lib\site-packages\django\conf\__init__.py first seen with mtime 1622233422.7997005
File C:\Users\USER\AppData\Local\Programs\Python\Python39\Lib\pathlib.py first seen with mtime 1620034494.0
File C:\Users\USER\AppData\Local\Programs\Python\Python39\Lib\_sitebuiltins.py first seen with mtime 1620034494.0
File C:\Users\USER\PycharmProjects\hello_django\hello_django\hello_django\wsgi.py first seen with mtime 1622233577.494646
File C:\Users\USER\PycharmProjects\hello_django\venv\Lib\site-packages\django\contrib\sessions\backends\__init__.py first seen with mtime 1622233425.9908144
File C:\Users\USER\PycharmProjects\hello_django\venv\Lib\site-packages\django\contrib\sessions\middleware.py first seen with mtime 1622233425.9878223
File C:\Users\USER\PycharmProjects\hello_django\venv\Lib\site-packages\django\contrib\sessions\exceptions.py first seen with mtime 1622233425.9868252
File C:\Users\USER\PycharmProjects\hello_django\venv\Lib\site-packages\django\contrib\auth\migrations\0002_alter_permission_name_max_length.py first seen with mtime 1622233424.2910228
File C:\Users\USER\PycharmProjects\hello_django\venv\Lib\site-packages\django\contrib\auth\migrations\__init__.py first seen with mtime 1622233424.3019927
File C:\Users\USER\PycharmProjects\hello_django\venv\Lib\site-packages\django\db\migrations\loader.py first seen with mtime 1622233426.8016465
File C:\Users\USER\PycharmProjects\hello_django\venv\Lib\site-packages\django\contrib\admin\migrations\__init__.py first seen with mtime 1622233423.615827
File C:\Users\USER\PycharmProjects\hello_django\venv\Lib\site-packages\django\middleware\common.py first seen with mtime 1622233427.0110877
File C:\Users\USER\PycharmProjects\hello_django\venv\Lib\site-packages\django\contrib\auth\migrations\0009_alter_user_last_name_max_length.py first seen with mtime 1622233424.298004
File C:\Users\USER\PycharmProjects\hello_django\venv\Lib\site-packages\django\contrib\auth\migrations\0010_alter_group_name_max_length.py first seen with mtime 1622233424.2990015
File C:\Users\USER\PycharmProjects\hello_django\venv\Lib\site-packages\django\contrib\auth\migrations\0011_update_proxy_permissions.py first seen with mtime 1622233424.300996
File C:\Users\USER\PycharmProjects\hello_django\venv\Lib\site-packages\django\views\csrf.py first seen with mtime 1622233427.1876152
File C:\Users\USER\PycharmProjects\hello_django\venv\Lib\site-packages\django\contrib\sessions\backends\base.py first seen with mtime 1622233425.9918125
File C:\Users\USER\PycharmProjects\hello_django\venv\Lib\site-packages\django\contrib\admin\migrations\0003_logentry_add_action_flag_choices.py first seen with mtime 1622233423.61483
File C:\Users\USER\PycharmProjects\hello_django\venv\Lib\site-packages\django\contrib\auth\migrations\0003_alter_user_email_max_length.py first seen with mtime 1622233424.2920854
File C:\Users\USER\PycharmProjects\hello_django\venv\Lib\site-packages\django\contrib\sessions\migrations\__init__.py first seen with mtime 1622233426.2421427
File C:\Users\USER\PycharmProjects\hello_django\hello_django\myhello\migrations\__init__.py first seen with mtime 1622233634.5494893
File C:\Users\USER\PycharmProjects\hello_django\venv\Lib\site-packages\whitenoise\responders.py first seen with mtime 1622266440.9978158
File C:\Users\USER\PycharmProjects\hello_django\venv\Lib\site-packages\django\contrib\sessions\backends\db.py first seen with mtime 1622233425.9958012
File C:\Users\USER\PycharmProjects\hello_django\venv\Lib\site-packages\django\contrib\admin\migrations\0002_logentry_remove_auto_add.py first seen with mtime 1622233423.61483
File C:\Users\USER\PycharmProjects\hello_django\venv\Lib\site-packages\django\middleware\clickjacking.py first seen with mtime 1622233427.0090914
File C:\Users\USER\PycharmProjects\hello_django\venv\Lib\site-packages\django\contrib\auth\migrations\0006_require_contenttypes_0002.py first seen with mtime 1622233424.2950118
File C:\Users\USER\PycharmProjects\hello_django\venv\Lib\site-packages\django\contrib\staticfiles\storage.py first seen with mtime 1622233426.5303712
File C:\Users\USER\PycharmProjects\hello_django\venv\Lib\site-packages\django\contrib\contenttypes\migrations\0001_initial.py first seen with mtime 1622233424.5614653
File C:\Users\USER\PycharmProjects\hello_django\venv\Lib\site-packages\whitenoise\middleware.py first seen with mtime 1622266440.996818
File C:\Users\USER\PycharmProjects\hello_django\venv\Lib\site-packages\django\contrib\auth\migrations\0008_alter_user_username_max_length.py first seen with mtime 1622233424.298004
File C:\Users\USER\AppData\Local\Programs\Python\Python39\Lib\stringprep.py first seen with mtime 1620034494.0
File C:\Users\USER\PycharmProjects\hello_django\venv\Lib\site-packages\django\contrib\auth\migrations\0012_alter_user_first_name_max_length.py first seen with mtime 1622233424.3019927
File C:\Users\USER\PycharmProjects\hello_django\venv\Lib\site-packages\django\contrib\auth\migrations\0005_alter_user_last_login_null.py first seen with mtime 1622233424.2940145
File C:\Users\USER\PycharmProjects\hello_django\venv\Lib\site-packages\django\contrib\auth\migrations\0001_initial.py first seen with mtime 1622233424.290025
File C:\Users\USER\PycharmProjects\hello_django\venv\Lib\site-packages\django\contrib\admin\migrations\0001_initial.py first seen with mtime 1622233423.6138327
File C:\Users\USER\PycharmProjects\hello_django\venv\Lib\site-packages\django\core\cache\backends\locmem.py first seen with mtime 1622233426.5533102
File C:\Users\USER\PycharmProjects\hello_django\venv\Lib\site-packages\django\db\migrations\recorder.py first seen with mtime 1622233426.806633
File C:\Users\USER\AppData\Local\Programs\Python\Python39\Lib\encodings\idna.py first seen with mtime 1620034494.0
File C:\Users\USER\PycharmProjects\hello_django\venv\Lib\site-packages\django\db\migrations\graph.py first seen with mtime 1622233426.8006487
File C:\Users\USER\PycharmProjects\hello_django\venv\Lib\site-packages\django\contrib\sessions\migrations\0001_initial.py first seen with mtime 1622233426.241146
File C:\Users\USER\PycharmProjects\hello_django\venv\Lib\site-packages\django\contrib\contenttypes\migrations\0002_remove_content_type_name.py first seen with mtime 1622233424.5624628
File C:\Users\USER\PycharmProjects\hello_django\venv\Lib\site-packages\django\db\migrations\executor.py first seen with mtime 1622233426.7986543
File C:\Users\USER\PycharmProjects\hello_django\venv\Lib\site-packages\django\contrib\auth\migrations\0004_alter_user_username_opts.py first seen with mtime 1622233424.2930176
File C:\Users\USER\PycharmProjects\hello_django\venv\Lib\site-packages\django\contrib\auth\migrations\0007_alter_validators_add_error_messages.py first seen with mtime 1622233424.2970061
File C:\Users\USER\PycharmProjects\hello_django\venv\Lib\site-packages\django\contrib\messages\middleware.py first seen with mtime 1622233425.470206
File C:\Users\USER\PycharmProjects\hello_django\venv\Lib\site-packages\whitenoise\string_utils.py first seen with mtime 1622266440.998813
File C:\Users\USER\PycharmProjects\hello_django\venv\Lib\site-packages\django\contrib\contenttypes\migrations\__init__.py first seen with mtime 1622233424.5634596
"GET / HTTP/1.1" 200 8
File C:\Users\USER\PycharmProjects\hello_django\venv\Lib\site-packages\django\contrib\messages\utils.py first seen with mtime 1622233425.4712036
File C:\Users\USER\PycharmProjects\hello_django\venv\Lib\site-packages\django\contrib\messages\storage\session.py first seen with mtime 1622233425.4751928
File C:\Users\USER\PycharmProjects\hello_django\venv\Lib\site-packages\django\contrib\sessions\serializers.py first seen with mtime 1622233425.989817
File C:\Users\USER\PycharmProjects\hello_django\venv\Lib\site-packages\django\contrib\messages\storage\base.py first seen with mtime 1622233425.4731975
File C:\Users\USER\PycharmProjects\hello_django\venv\Lib\site-packages\django\contrib\messages\storage\fallback.py first seen with mtime 1622233425.4751928
File C:\Users\USER\PycharmProjects\hello_django\venv\Lib\site-packages\django\contrib\messages\storage\cookie.py first seen with mtime 1622233425.4741943
